<?xml version="1.0" encoding="UTF-8"?>
<!-- Generated by org.testng.reporters.JUnitReportReporter -->
<testsuite hostname="DESKTOP-1NMFLS9" name="Tests.HomPageTest" tests="2" failures="0" timestamp="6 Mar 2017 03:19:25 GMT" time="6.007" errors="0">
  <testcase name="verifyLoginNavigation" time="2.968" classname="Tests.HomPageTest"/>
  <testcase name="verifyLinkVisible" time="3.039" classname="Tests.HomPageTest"/>
</testsuite> <!-- Tests.HomPageTest -->
