<?xml version="1.0" encoding="UTF-8"?>
<!-- Generated by org.testng.reporters.JUnitReportReporter -->
<testsuite hostname="DESKTOP-1NMFLS9" name="Tests.LoginPageTest" tests="1" failures="0" timestamp="6 Mar 2017 03:19:25 GMT" time="6.062" errors="0">
  <testcase name="invalidLoginTest" time="6.062" classname="Tests.LoginPageTest"/>
</testsuite> <!-- Tests.LoginPageTest -->
